  KY_THUAT_2_CON_TRO.cpp
D:\GiaKhiem\Code_Co_Ban\KY_THUAT_HAI_CON_TRO\KY_THUAT_2_CON_TRO\KY_THUAT_2_CON_TRO.cpp(124,9): warning C4101: 'dodai': unreferenced local variable
D:\GiaKhiem\Code_Co_Ban\KY_THUAT_HAI_CON_TRO\KY_THUAT_2_CON_TRO\KY_THUAT_2_CON_TRO.cpp(154,14): warning C4267: 'initializing': conversion from 'size_t' to 'int', possible loss of data
D:\GiaKhiem\Code_Co_Ban\KY_THUAT_HAI_CON_TRO\KY_THUAT_2_CON_TRO\KY_THUAT_2_CON_TRO.cpp(176,37): warning C4244: 'initializing': conversion from '_Ty' to 'int', possible loss of data
D:\GiaKhiem\Code_Co_Ban\KY_THUAT_HAI_CON_TRO\KY_THUAT_2_CON_TRO\KY_THUAT_2_CON_TRO.cpp(176,37): warning C4244:         with
D:\GiaKhiem\Code_Co_Ban\KY_THUAT_HAI_CON_TRO\KY_THUAT_2_CON_TRO\KY_THUAT_2_CON_TRO.cpp(176,37): warning C4244:         [
D:\GiaKhiem\Code_Co_Ban\KY_THUAT_HAI_CON_TRO\KY_THUAT_2_CON_TRO\KY_THUAT_2_CON_TRO.cpp(176,37): warning C4244:             _Ty=__int64
D:\GiaKhiem\Code_Co_Ban\KY_THUAT_HAI_CON_TRO\KY_THUAT_2_CON_TRO\KY_THUAT_2_CON_TRO.cpp(176,37): warning C4244:         ]
D:\GiaKhiem\Code_Co_Ban\KY_THUAT_HAI_CON_TRO\KY_THUAT_2_CON_TRO\KY_THUAT_2_CON_TRO.cpp(180,21): warning C4244: '+=': conversion from '_Ty' to 'int', possible loss of data
D:\GiaKhiem\Code_Co_Ban\KY_THUAT_HAI_CON_TRO\KY_THUAT_2_CON_TRO\KY_THUAT_2_CON_TRO.cpp(180,21): warning C4244:         with
D:\GiaKhiem\Code_Co_Ban\KY_THUAT_HAI_CON_TRO\KY_THUAT_2_CON_TRO\KY_THUAT_2_CON_TRO.cpp(180,21): warning C4244:         [
D:\GiaKhiem\Code_Co_Ban\KY_THUAT_HAI_CON_TRO\KY_THUAT_2_CON_TRO\KY_THUAT_2_CON_TRO.cpp(180,21): warning C4244:             _Ty=__int64
D:\GiaKhiem\Code_Co_Ban\KY_THUAT_HAI_CON_TRO\KY_THUAT_2_CON_TRO\KY_THUAT_2_CON_TRO.cpp(180,21): warning C4244:         ]
D:\GiaKhiem\Code_Co_Ban\KY_THUAT_HAI_CON_TRO\KY_THUAT_2_CON_TRO\KY_THUAT_2_CON_TRO.cpp(187,24): warning C4244: '=': conversion from '_Ty' to 'int', possible loss of data
D:\GiaKhiem\Code_Co_Ban\KY_THUAT_HAI_CON_TRO\KY_THUAT_2_CON_TRO\KY_THUAT_2_CON_TRO.cpp(187,24): warning C4244:         with
D:\GiaKhiem\Code_Co_Ban\KY_THUAT_HAI_CON_TRO\KY_THUAT_2_CON_TRO\KY_THUAT_2_CON_TRO.cpp(187,24): warning C4244:         [
D:\GiaKhiem\Code_Co_Ban\KY_THUAT_HAI_CON_TRO\KY_THUAT_2_CON_TRO\KY_THUAT_2_CON_TRO.cpp(187,24): warning C4244:             _Ty=__int64
D:\GiaKhiem\Code_Co_Ban\KY_THUAT_HAI_CON_TRO\KY_THUAT_2_CON_TRO\KY_THUAT_2_CON_TRO.cpp(187,24): warning C4244:         ]
D:\GiaKhiem\Code_Co_Ban\KY_THUAT_HAI_CON_TRO\KY_THUAT_2_CON_TRO\KY_THUAT_2_CON_TRO.cpp(216,11): warning C4267: 'initializing': conversion from 'size_t' to 'int', possible loss of data
D:\GiaKhiem\Code_Co_Ban\KY_THUAT_HAI_CON_TRO\KY_THUAT_2_CON_TRO\KY_THUAT_2_CON_TRO.cpp(217,11): warning C4267: 'initializing': conversion from 'size_t' to 'int', possible loss of data
  KY_THUAT_2_CON_TRO.vcxproj -> D:\GiaKhiem\Code_Co_Ban\KY_THUAT_HAI_CON_TRO\KY_THUAT_2_CON_TRO\x64\Debug\KY_THUAT_2_CON_TRO.exe
